[07/11/26 18:23:12:126][7318][U]:(00000000): RtcEngine::initializeInternal(this:0x712721bc00, {"context":{"eventHandler":"0x713f228580", "areaCode":4294967295, "logConfig":{"filePath":""}, "autoRegisterAgoraExtensions":1}})
[07/11/26 18:23:12:126][7318][A]:(00000001):   RtcEngine::initializeEx(this:0x712721bc00, context:(isPassThruMode:1 maxOutputBitrateKpbs:30000, channelProfile:1, audioScenario:0, areaCode:4294967295))
[07/11/26 18:23:12:126][7318][U]:(00000002): RtcEngine::queryInterface(this:0x712721bc00, {"iid":4, "inter":"0x7206c1e550"})
[07/11/26 18:23:12:126][7318][U]:(00000003): MediaEngine::registerAudioFrameObserver(this:0x717277d480, {"observer":"0x713f2286d0"})
[07/11/26 18:23:12:126][7318][A]:(00000004): RtcEngine::startService(this:0x712721bc00, context:(isPassThruMode:1, maxOutputBitrateKpbs:30000))
[07/11/26 18:23:12:126][7318][A]:(00000005):   RtcEngine::initLowLevelModules(this:0x712721bc00, void)
[07/11/26 18:23:12:126][7318][A]:(00000006):     AgoraService::initializeInternal(this:0x722c793b00, configEx:(engineType:0, enableAudioProcessor:1, enableAudioDevice:1, enableVideo:1, context:0x35e2, bitrateConstraints:(min_bitrate_bps:0, start_bitrate_bps:300000, min_bitrate_bps:0), logDir: (null), domainLimit:0))
[07/11/26 18:23:12:322][7318][A]:(00000007):       AgoraService::setLogFilter(this:0x722c793b00, filters:15)
[07/11/26 18:23:12:378][7318][A]:(00000008):     MediaPlayerImpl::initialize(this:0x70f29de4c0, {"agora_service":"0x722c793b00"})
[07/11/26 18:23:12:379][7318][A]:(00000009):       MediaNodeFactoryImpl::createMediaPlayerSource(this:0x71cd2f8340, void)
[07/11/26 18:23:12:387][7318][A]:(00000010):         MediaPlayerImpl::registerPlayerSourceObserver(this:0x71d66ed018, observer:0x722c753c80)
[07/11/26 18:23:12:387][7318][A]:(00000011):         MediaPlayerImpl::registerVideoFrameObserver(this:0x71d66ed018, observer:0x722c753c88)
[07/11/26 18:23:12:387][7318][A]:(00000012):         MediaPlayerImpl::registerAudioFrameObserver(this:0x71d66ed018, observer:0x722c753c90)
[07/11/26 18:23:12:387][7318][A]:(00000013):         MediaPlayerImpl::SetReportSender(this:0x71d66ed018, sender:0x712c3ff9d8)
[07/11/26 18:23:12:388][7318][A]:(00000014):       MediaPlayerSourceFFMpeg::registerPlayerSourceObserverEx(this:0x722c753c80, observer: 0x70f29de4e0)
[07/11/26 18:23:12:388][7318][A]:(00000015):       MediaPlayerSourceFFMpeg::getVideoFrameSender(this:0x722c753c80, void)
[07/11/26 18:23:12:420][7318][A]:(00000016):       VideoFrameAdapter::setOutputFormat(this:0x70ed91b600, [VFA] format:(960x540 fps:15 fixed:0), source_pipe_format_expected: none)
[07/11/26 18:23:12:421][7318][A]:(00000017):       VideoFrameRotator::setOutputFormat(this:0x70eda18bd0, format:(width:960, height:540, fps:15, fixed:1))
[07/11/26 18:23:12:421][7318][A]:(00000018):       MediaPlayerSourceFFMpeg::getAudioPcmDataSender(this:0x722c753c80, void)
[07/11/26 18:23:12:424][7318][A]:(00000019):     MediaPlayerImpl::getMediaPlayerId(this:0x70f29de4c0, {})
[07/11/26 18:23:12:424][7318][A]:(00000020):       MediaPlayerSourceFFMpeg::getSourceId(this:0x722c753c80, void)
[07/11/26 18:23:12:424][7318][A]:(00000021):     MediaPlayerImpl::getMediaPlayerId(this:0x70f29de4c0, {})
[07/11/26 18:23:12:424][7318][A]:(00000022):       MediaPlayerSourceFFMpeg::getSourceId(this:0x722c753c80, void)
[07/11/26 18:23:12:424][7318][A]:(00000023):     MediaPlayerImpl::registerPlayerSourceObserverEx(this:0x70f29de4c0, {"observer":"0x70f29de318"})
[07/11/26 18:23:12:424][7318][A]:(00000024):     RhythmPlayerImpl::RhythmPlayerImpl(this:0x71d6769620, void)
[07/11/26 18:23:12:425][7318][A]:(00000025):     AgoraService::createRtcConnectionEx(this:0x722c793b00, cfg:(autoSubscribeAudio:1, autoSubscribeVideo:1, enableAudioRecordingOrPlayout:1maxSendBitrate:-1, minPort:0, maxPort:0,  clientRoleType:2, clientType:0, vosList.size:0), connId:1)
[07/11/26 18:23:12:426][7318][A]:(00000026):       RtcConnectionImpl::initializeEx(this:0x7165912c80, serviceCfg:(enableAudioProcessor:1, enableAudioDevice:1, enableVideo:1, context:0x35e2), cfg:(autoSubscribeAudio:1, autoSubscribeVideo:1, enableAudioRecordingOrPlayout:1, maxSendBitrate:-1, minPort:0, maxPort:0, clientRoleType:2, clientType:0, channelProfile:1, vosList.size:0, recvType:(audio: 0, video: 0)))
[07/11/26 18:23:12:443][7318][A]:(00000027):         RtcConnectionImpl::getUserRole(this:0x7165912c80, void)
[07/11/26 18:23:12:443][7318][A]:(00000028):         RtcConnectionImpl::getAudienceLatencyLevel(this:0x7165912c80, void)
[07/11/26 18:23:12:449][7318][A]:(00000029):         RtcConnectionImpl::getUserRole(this:0x7165912c80, void)
[07/11/26 18:23:12:449][7318][A]:(00000030):         RtcConnectionImpl::subscribeReceivePacketHandler(this:0x7165912c80, void)
[07/11/26 18:23:12:452][7318][A]:(00000031):   RtcEngine::setParametersInternal(this:0x712721bc00, {"parameters":{"rtc.channel_profile":1}})
[07/11/26 18:23:12:454][7318][A]:(00000032): RtcConnectionImpl::setRemoteDefaultVideoStreamType(this:0x7165912c80, type:0)
[07/11/26 18:23:12:454][7318][A]:(00000033): LocalAudioTrackMediaPlayerImpl::setSendExtraDelay(this:0x70ed8ed8c0, delayMs:0)
[07/11/26 18:23:12:454][7318][A]:(00000034): RhythmPlayerImpl::getRhythmPlayerTrack(this:0x71d6769620, void)
[07/11/26 18:23:12:455][7318][A]:(00000035): RtcEngine::setParametersInternal(this:0x712721bc00, {"parameters":{"che.audio.record":true}})
[07/11/26 18:23:12:456][7318][A]:(00000036): RtcEngine::enableLocalVideoInternal(this:0x712721bc00, enabled:0)
[07/11/26 18:23:12:456][7318][A]:(00000037): RtcEngine::registerAudioFrameObserver(this:0x712721bc00, observer:0x713f2286d0)
[07/11/26 18:23:12:456][7318][A]:(00000038):   LocalUserImpl::registerAudioFrameObserver(this:0x712c428000, observer:0x716551cae0)
[07/11/26 18:23:12:464][7297][U]:(00000039): RtcEngine::setLogFile(this:0x712721bc00, {"filePath":"/storage/emulated/0/Android/data/com.waig.nalo/files/agora/agora.log"})
[07/11/26 18:23:12:465][7297][U]:(00000040): RtcEngine::enableVideo(this:0x712721bc00, {})
[07/11/26 18:25:57:158][9599][U]:(00000000): RtcEngine::initializeInternal(this:0x71d2361700, {"context":{"eventHandler":"0x7182ff7590", "areaCode":4294967295, "logConfig":{"filePath":""}, "autoRegisterAgoraExtensions":1}})
[07/11/26 18:25:57:158][9599][A]:(00000001):   RtcEngine::initializeEx(this:0x71d2361700, context:(isPassThruMode:1 maxOutputBitrateKpbs:30000, channelProfile:1, audioScenario:0, areaCode:4294967295))
[07/11/26 18:25:57:158][9599][U]:(00000002): RtcEngine::queryInterface(this:0x71d2361700, {"iid":4, "inter":"0x7106f78550"})
[07/11/26 18:25:57:158][9599][U]:(00000003): MediaEngine::registerAudioFrameObserver(this:0x71074892c0, {"observer":"0x7182ff7650"})
[07/11/26 18:25:57:158][9599][A]:(00000004): RtcEngine::startService(this:0x71d2361700, context:(isPassThruMode:1, maxOutputBitrateKpbs:30000))
[07/11/26 18:25:57:158][9599][A]:(00000005):   RtcEngine::initLowLevelModules(this:0x71d2361700, void)
[07/11/26 18:25:57:158][9599][A]:(00000006):     AgoraService::initializeInternal(this:0x714a060800, configEx:(engineType:0, enableAudioProcessor:1, enableAudioDevice:1, enableVideo:1, context:0x35c6, bitrateConstraints:(min_bitrate_bps:0, start_bitrate_bps:300000, min_bitrate_bps:0), logDir: (null), domainLimit:0))
[07/11/26 18:25:57:279][9599][A]:(00000007):       AgoraService::setLogFilter(this:0x714a060800, filters:15)
[07/11/26 18:25:57:313][9599][A]:(00000008):     MediaPlayerImpl::initialize(this:0x714a6f8180, {"agora_service":"0x714a060800"})
[07/11/26 18:25:57:316][9599][A]:(00000009):       MediaNodeFactoryImpl::createMediaPlayerSource(this:0x714a2e27e0, void)
[07/11/26 18:25:57:321][9599][A]:(00000010):         MediaPlayerImpl::registerPlayerSourceObserver(this:0x71b5383818, observer:0x71c3de2760)
[07/11/26 18:25:57:321][9599][A]:(00000011):         MediaPlayerImpl::registerVideoFrameObserver(this:0x71b5383818, observer:0x71c3de2768)
[07/11/26 18:25:57:321][9599][A]:(00000012):         MediaPlayerImpl::registerAudioFrameObserver(this:0x71b5383818, observer:0x71c3de2770)
[07/11/26 18:25:57:321][9599][A]:(00000013):         MediaPlayerImpl::SetReportSender(this:0x71b5383818, sender:0x71c3f2bf08)
[07/11/26 18:25:57:324][9599][A]:(00000014):       MediaPlayerSourceFFMpeg::registerPlayerSourceObserverEx(this:0x71c3de2760, observer: 0x714a6f81a0)
[07/11/26 18:25:57:324][9599][A]:(00000015):       MediaPlayerSourceFFMpeg::getVideoFrameSender(this:0x71c3de2760, void)
[07/11/26 18:25:57:346][9599][A]:(00000016):       VideoFrameAdapter::setOutputFormat(this:0x714a9593c0, [VFA] format:(960x540 fps:15 fixed:0), source_pipe_format_expected: none)
[07/11/26 18:25:57:347][9599][A]:(00000017):       VideoFrameRotator::setOutputFormat(this:0x714a976000, format:(width:960, height:540, fps:15, fixed:1))
[07/11/26 18:25:57:347][9599][A]:(00000018):       MediaPlayerSourceFFMpeg::getAudioPcmDataSender(this:0x71c3de2760, void)
[07/11/26 18:25:57:350][9599][A]:(00000019):     MediaPlayerImpl::getMediaPlayerId(this:0x714a6f8180, {})
[07/11/26 18:25:57:350][9599][A]:(00000020):       MediaPlayerSourceFFMpeg::getSourceId(this:0x71c3de2760, void)
[07/11/26 18:25:57:350][9599][A]:(00000021):     MediaPlayerImpl::getMediaPlayerId(this:0x714a6f8180, {})
[07/11/26 18:25:57:350][9599][A]:(00000022):       MediaPlayerSourceFFMpeg::getSourceId(this:0x71c3de2760, void)
[07/11/26 18:25:57:350][9599][A]:(00000023):     MediaPlayerImpl::registerPlayerSourceObserverEx(this:0x714a6f8180, {"observer":"0x714a6f7fd8"})
[07/11/26 18:25:57:350][9599][A]:(00000024):     RhythmPlayerImpl::RhythmPlayerImpl(this:0x71c3de2a00, void)
[07/11/26 18:25:57:352][9599][A]:(00000025):     AgoraService::createRtcConnectionEx(this:0x714a060800, cfg:(autoSubscribeAudio:1, autoSubscribeVideo:1, enableAudioRecordingOrPlayout:1maxSendBitrate:-1, minPort:0, maxPort:0,  clientRoleType:2, clientType:0, vosList.size:0), connId:1)
[07/11/26 18:25:57:352][9599][A]:(00000026):       RtcConnectionImpl::initializeEx(this:0x714a936f80, serviceCfg:(enableAudioProcessor:1, enableAudioDevice:1, enableVideo:1, context:0x35c6), cfg:(autoSubscribeAudio:1, autoSubscribeVideo:1, enableAudioRecordingOrPlayout:1, maxSendBitrate:-1, minPort:0, maxPort:0, clientRoleType:2, clientType:0, channelProfile:1, vosList.size:0, recvType:(audio: 0, video: 0)))
[07/11/26 18:25:57:362][9599][A]:(00000027):         RtcConnectionImpl::getUserRole(this:0x714a936f80, void)
[07/11/26 18:25:57:362][9599][A]:(00000028):         RtcConnectionImpl::getAudienceLatencyLevel(this:0x714a936f80, void)
[07/11/26 18:25:57:367][9599][A]:(00000029):         RtcConnectionImpl::getUserRole(this:0x714a936f80, void)
[07/11/26 18:25:57:367][9599][A]:(00000030):         RtcConnectionImpl::subscribeReceivePacketHandler(this:0x714a936f80, void)
[07/11/26 18:25:57:370][9599][A]:(00000031):   RtcEngine::setParametersInternal(this:0x71d2361700, {"parameters":{"rtc.channel_profile":1}})
[07/11/26 18:25:57:372][9599][A]:(00000032): RtcConnectionImpl::setRemoteDefaultVideoStreamType(this:0x714a936f80, type:0)
[07/11/26 18:25:57:372][9599][A]:(00000033): LocalAudioTrackMediaPlayerImpl::setSendExtraDelay(this:0x714a6fc780, delayMs:0)
[07/11/26 18:25:57:372][9599][A]:(00000034): RhythmPlayerImpl::getRhythmPlayerTrack(this:0x71c3de2a00, void)
[07/11/26 18:25:57:373][9599][A]:(00000035): RtcEngine::setParametersInternal(this:0x71d2361700, {"parameters":{"che.audio.record":true}})
[07/11/26 18:25:57:373][9599][A]:(00000036): RtcEngine::enableLocalVideoInternal(this:0x71d2361700, enabled:0)
[07/11/26 18:25:57:374][9599][A]:(00000037): RtcEngine::registerAudioFrameObserver(this:0x71d2361700, observer:0x7182ff7650)
[07/11/26 18:25:57:374][9599][A]:(00000038):   LocalUserImpl::registerAudioFrameObserver(this:0x714a840400, observer:0x714a90bc60)
[07/11/26 18:25:57:377][9597][U]:(00000039): RtcEngine::setLogFile(this:0x71d2361700, {"filePath":"/storage/emulated/0/Android/data/com.waig.nalo/files/agora/agora.log"})
